{"C:\\Users\\B7911\\Desktop\\vue-shopping-clean-architecture\\src\\di.ts": {"path":"C:\\Users\\B7911\\Desktop\\vue-shopping-clean-architecture\\src\\di.ts","statementMap":{"0":{"start":{"line":1,"column":0},"end":{"line":1,"column":null}},"1":{"start":{"line":2,"column":0},"end":{"line":2,"column":null}},"2":{"start":{"line":3,"column":0},"end":{"line":3,"column":null}},"3":{"start":{"line":6,"column":0},"end":{"line":6,"column":null}},"4":{"start":{"line":7,"column":0},"end":{"line":7,"column":null}},"5":{"start":{"line":8,"column":0},"end":{"line":8,"column":null}},"6":{"start":{"line":9,"column":0},"end":{"line":9,"column":null}},"7":{"start":{"line":10,"column":0},"end":{"line":10,"column":null}},"8":{"start":{"line":12,"column":18},"end":{"line":12,"column":22}},"9":{"start":{"line":14,"column":0},"end":{"line":14,"column":9}},"10":{"start":{"line":18,"column":0},"end":{"line":18,"column":9}},"11":{"start":{"line":23,"column":0},"end":{"line":23,"column":9}},"12":{"start":{"line":27,"column":0},"end":{"line":27,"column":9}},"13":{"start":{"line":31,"column":0},"end":{"line":31,"column":9}},"14":{"start":{"line":36,"column":21},"end":{"line":36,"column":35}}},"fnMap":{},"branchMap":{},"s":{"0":4,"1":4,"2":4,"3":4,"4":4,"5":4,"6":4,"7":4,"8":4,"9":4,"10":4,"11":4,"12":4,"13":4,"14":4},"f":{},"b":{}}
,"C:\\Users\\B7911\\Desktop\\vue-shopping-clean-architecture\\src\\app\\components\\Product.vue": {"path":"C:\\Users\\B7911\\Desktop\\vue-shopping-clean-architecture\\src\\app\\components\\Product.vue","statementMap":{"0":{"start":{"line":19,"column":0},"end":{"line":19,"column":null}},"1":{"start":{"line":20,"column":0},"end":{"line":20,"column":null}},"2":{"start":{"line":30,"column":0},"end":{"line":30,"column":null}},"3":{"start":{"line":37,"column":0},"end":{"line":37,"column":null}},"4":{"start":{"line":38,"column":0},"end":{"line":41,"column":null}},"5":{"start":{"line":40,"column":0},"end":{"line":40,"column":null}}},"fnMap":{"0":{"name":"(anonymous_1)","decl":{"start":{"line":29,"column":0},"end":{"line":29,"column":null}},"loc":{"start":{"line":29,"column":0},"end":{"line":33,"column":null}}},"1":{"name":"(anonymous_2)","decl":{"start":{"line":36,"column":0},"end":{"line":36,"column":null}},"loc":{"start":{"line":36,"column":0},"end":{"line":42,"column":null}}},"2":{"name":"(anonymous_3)","decl":{"start":{"line":38,"column":0},"end":{"line":38,"column":null}},"loc":{"start":{"line":38,"column":0},"end":{"line":41,"column":null}}}},"branchMap":{},"s":{"0":2,"1":2,"2":3,"3":0,"4":0,"5":0},"f":{"0":3,"1":0,"2":0},"b":{}}
,"C:\\Users\\B7911\\Desktop\\vue-shopping-clean-architecture\\src\\app\\components\\ProductList.vue": {"path":"C:\\Users\\B7911\\Desktop\\vue-shopping-clean-architecture\\src\\app\\components\\ProductList.vue","statementMap":{"0":{"start":{"line":11,"column":0},"end":{"line":11,"column":null}},"1":{"start":{"line":12,"column":0},"end":{"line":12,"column":null}},"2":{"start":{"line":13,"column":0},"end":{"line":13,"column":null}},"3":{"start":{"line":14,"column":0},"end":{"line":14,"column":null}},"4":{"start":{"line":24,"column":0},"end":{"line":24,"column":null}},"5":{"start":{"line":28,"column":0},"end":{"line":28,"column":null}},"6":{"start":{"line":33,"column":0},"end":{"line":33,"column":null}}},"fnMap":{"0":{"name":"(anonymous_1)","decl":{"start":{"line":23,"column":0},"end":{"line":23,"column":null}},"loc":{"start":{"line":23,"column":0},"end":{"line":25,"column":null}}},"1":{"name":"(anonymous_2)","decl":{"start":{"line":27,"column":0},"end":{"line":27,"column":null}},"loc":{"start":{"line":27,"column":0},"end":{"line":29,"column":null}}},"2":{"name":"(anonymous_3)","decl":{"start":{"line":32,"column":0},"end":{"line":32,"column":null}},"loc":{"start":{"line":32,"column":0},"end":{"line":36,"column":null}}}},"branchMap":{},"s":{"0":1,"1":1,"2":1,"3":1,"4":1,"5":1,"6":1},"f":{"0":1,"1":1,"2":1},"b":{}}
,"C:\\Users\\B7911\\Desktop\\vue-shopping-clean-architecture\\src\\app\\store\\cart.ts": {"path":"C:\\Users\\B7911\\Desktop\\vue-shopping-clean-architecture\\src\\app\\store\\cart.ts","statementMap":{"0":{"start":{"line":1,"column":0},"end":{"line":1,"column":null}},"1":{"start":{"line":2,"column":0},"end":{"line":2,"column":null}},"2":{"start":{"line":19,"column":0},"end":{"line":19,"column":null}},"3":{"start":{"line":20,"column":9},"end":{"line":20,"column":25}},"4":{"start":{"line":24,"column":4},"end":{"line":24,"column":11}},"5":{"start":{"line":24,"column":44},"end":{"line":24,"column":65}},"6":{"start":{"line":28,"column":4},"end":{"line":28,"column":11}},"7":{"start":{"line":29,"column":21},"end":{"line":29,"column":null}},"8":{"start":{"line":36,"column":16},"end":{"line":36,"column":21}},"9":{"start":{"line":36,"column":42},"end":{"line":36,"column":null}},"10":{"start":{"line":37,"column":4},"end":{"line":41,"column":null}},"11":{"start":{"line":38,"column":6},"end":{"line":38,"column":11}},"12":{"start":{"line":40,"column":6},"end":{"line":40,"column":11}},"13":{"start":{"line":46,"column":4},"end":{"line":46,"column":10}},"14":{"start":{"line":47,"column":4},"end":{"line":47,"column":9}},"15":{"start":{"line":21,"column":31},"end":{"line":21,"column":69}},"16":{"start":{"line":35,"column":2},"end":{"line":35,"column":9}},"17":{"start":{"line":45,"column":2},"end":{"line":45,"column":8}},"18":{"start":{"line":19,"column":13},"end":{"line":19,"column":22}}},"fnMap":{"0":{"name":"(anonymous_0)","decl":{"start":{"line":19,"column":0},"end":{"line":19,"column":13}},"loc":{"start":{"line":19,"column":0},"end":{"line":52,"column":null}}},"1":{"name":"(anonymous_1)","decl":{"start":{"line":23,"column":2},"end":{"line":23,"column":6}},"loc":{"start":{"line":23,"column":19},"end":{"line":25,"column":null}}},"2":{"name":"(anonymous_2)","decl":{"start":{"line":24,"column":29},"end":{"line":24,"column":30}},"loc":{"start":{"line":24,"column":44},"end":{"line":24,"column":65}}},"3":{"name":"(anonymous_3)","decl":{"start":{"line":27,"column":2},"end":{"line":27,"column":6}},"loc":{"start":{"line":27,"column":17},"end":{"line":32,"column":null}}},"4":{"name":"(anonymous_4)","decl":{"start":{"line":29,"column":6},"end":{"line":29,"column":7}},"loc":{"start":{"line":29,"column":21},"end":{"line":29,"column":null}}},"5":{"name":"(anonymous_5)","decl":{"start":{"line":35,"column":2},"end":{"line":35,"column":9}},"loc":{"start":{"line":35,"column":20},"end":{"line":42,"column":null}}},"6":{"name":"(anonymous_6)","decl":{"start":{"line":36,"column":37},"end":{"line":36,"column":38}},"loc":{"start":{"line":36,"column":42},"end":{"line":36,"column":null}}},"7":{"name":"(anonymous_7)","decl":{"start":{"line":45,"column":2},"end":{"line":45,"column":8}},"loc":{"start":{"line":45,"column":71},"end":{"line":51,"column":null}}}},"branchMap":{"0":{"loc":{"start":{"line":37,"column":4},"end":{"line":41,"column":null}},"type":"if","locations":[{"start":{"line":37,"column":4},"end":{"line":41,"column":null}},{"start":{"line":37,"column":4},"end":{"line":41,"column":null}}]}},"s":{"0":3,"1":3,"2":3,"3":3,"4":0,"5":0,"6":0,"7":0,"8":4,"9":2,"10":4,"11":1,"12":3,"13":4,"14":4,"15":3,"16":3,"17":3,"18":3},"f":{"0":3,"1":0,"2":0,"3":0,"4":0,"5":4,"6":2,"7":4},"b":{"0":[1,3]}}
,"C:\\Users\\B7911\\Desktop\\vue-shopping-clean-architecture\\src\\app\\store\\index.ts": {"path":"C:\\Users\\B7911\\Desktop\\vue-shopping-clean-architecture\\src\\app\\store\\index.ts","statementMap":{"0":{"start":{"line":1,"column":0},"end":{"line":1,"column":null}},"1":{"start":{"line":2,"column":0},"end":{"line":2,"column":null}},"2":{"start":{"line":3,"column":0},"end":{"line":3,"column":null}},"3":{"start":{"line":4,"column":0},"end":{"line":4,"column":null}},"4":{"start":{"line":5,"column":0},"end":{"line":5,"column":null}},"5":{"start":{"line":7,"column":0},"end":{"line":7,"column":4}},"6":{"start":{"line":14,"column":14},"end":{"line":14,"column":18}},"7":{"start":{"line":21,"column":21},"end":{"line":21,"column":31}},"8":{"start":{"line":22,"column":18},"end":{"line":22,"column":28}},"9":{"start":{"line":24,"column":15},"end":{"line":24,"column":null}}},"fnMap":{},"branchMap":{},"s":{"0":2,"1":2,"2":2,"3":2,"4":2,"5":2,"6":2,"7":2,"8":2,"9":2},"f":{},"b":{}}
,"C:\\Users\\B7911\\Desktop\\vue-shopping-clean-architecture\\src\\app\\store\\product.ts": {"path":"C:\\Users\\B7911\\Desktop\\vue-shopping-clean-architecture\\src\\app\\store\\product.ts","statementMap":{"0":{"start":{"line":1,"column":0},"end":{"line":1,"column":null}},"1":{"start":{"line":3,"column":0},"end":{"line":3,"column":null}},"2":{"start":{"line":15,"column":0},"end":{"line":15,"column":null}},"3":{"start":{"line":16,"column":9},"end":{"line":16,"column":28}},"4":{"start":{"line":22,"column":4},"end":{"line":22,"column":9}},"5":{"start":{"line":27,"column":17},"end":{"line":27,"column":28}},"6":{"start":{"line":28,"column":4},"end":{"line":28,"column":9}},"7":{"start":{"line":18,"column":31},"end":{"line":18,"column":69}},"8":{"start":{"line":21,"column":2},"end":{"line":21,"column":10}},"9":{"start":{"line":26,"column":2},"end":{"line":26,"column":8}},"10":{"start":{"line":15,"column":13},"end":{"line":15,"column":25}}},"fnMap":{"0":{"name":"(anonymous_0)","decl":{"start":{"line":15,"column":0},"end":{"line":15,"column":13}},"loc":{"start":{"line":15,"column":0},"end":{"line":30,"column":null}}},"1":{"name":"(anonymous_1)","decl":{"start":{"line":21,"column":2},"end":{"line":21,"column":10}},"loc":{"start":{"line":21,"column":27},"end":{"line":23,"column":null}}},"2":{"name":"(anonymous_2)","decl":{"start":{"line":26,"column":2},"end":{"line":26,"column":8}},"loc":{"start":{"line":26,"column":18},"end":{"line":29,"column":null}}}},"branchMap":{},"s":{"0":3,"1":3,"2":3,"3":3,"4":4,"5":2,"6":2,"7":3,"8":3,"9":3,"10":3},"f":{"0":3,"1":4,"2":2},"b":{}}
,"C:\\Users\\B7911\\Desktop\\vue-shopping-clean-architecture\\src\\data\\inMemoryRepository\\cartRepository.ts": {"path":"C:\\Users\\B7911\\Desktop\\vue-shopping-clean-architecture\\src\\data\\inMemoryRepository\\cartRepository.ts","statementMap":{"0":{"start":{"line":1,"column":0},"end":{"line":1,"column":null}},"1":{"start":{"line":2,"column":0},"end":{"line":2,"column":null}},"2":{"start":{"line":3,"column":0},"end":{"line":3,"column":null}},"3":{"start":{"line":7,"column":0},"end":{"line":7,"column":null}},"4":{"start":{"line":8,"column":10},"end":{"line":8,"column":27}},"5":{"start":{"line":11,"column":4},"end":{"line":11,"column":9}},"6":{"start":{"line":12,"column":4},"end":{"line":12,"column":11}},"7":{"start":{"line":15,"column":8},"end":{"line":15,"column":null}},"8":{"start":{"line":21,"column":16},"end":{"line":21,"column":null}},"9":{"start":{"line":22,"column":4},"end":{"line":22,"column":11}},"10":{"start":{"line":24,"column":16},"end":{"line":24,"column":null}},"11":{"start":{"line":7,"column":21},"end":{"line":7,"column":39}}},"fnMap":{"0":{"name":"(anonymous_0)","decl":{"start":{"line":7,"column":0},"end":{"line":7,"column":21}},"loc":{"start":{"line":7,"column":0},"end":{"line":27,"column":null}}},"1":{"name":"(anonymous_1)","decl":{"start":{"line":10,"column":9},"end":{"line":10,"column":22}},"loc":{"start":{"line":10,"column":57},"end":{"line":18,"column":null}}},"2":{"name":"(anonymous_2)","decl":{"start":{"line":14,"column":10},"end":{"line":14,"column":15}},"loc":{"start":{"line":14,"column":15},"end":{"line":16,"column":null}}},"3":{"name":"(anonymous_3)","decl":{"start":{"line":20,"column":9},"end":{"line":20,"column":25}},"loc":{"start":{"line":20,"column":25},"end":{"line":26,"column":null}}},"4":{"name":"(anonymous_4)","decl":{"start":{"line":24,"column":10},"end":{"line":24,"column":16}},"loc":{"start":{"line":24,"column":16},"end":{"line":24,"column":null}}}},"branchMap":{},"s":{"0":4,"1":4,"2":4,"3":4,"4":0,"5":0,"6":0,"7":0,"8":0,"9":0,"10":0,"11":8},"f":{"0":0,"1":0,"2":0,"3":0,"4":0},"b":{}}
,"C:\\Users\\B7911\\Desktop\\vue-shopping-clean-architecture\\src\\data\\inMemoryRepository\\productRepository.ts": {"path":"C:\\Users\\B7911\\Desktop\\vue-shopping-clean-architecture\\src\\data\\inMemoryRepository\\productRepository.ts","statementMap":{"0":{"start":{"line":1,"column":0},"end":{"line":1,"column":null}},"1":{"start":{"line":3,"column":0},"end":{"line":3,"column":null}},"2":{"start":{"line":5,"column":0},"end":{"line":5,"column":null}},"3":{"start":{"line":8,"column":0},"end":{"line":8,"column":null}},"4":{"start":{"line":12,"column":20},"end":{"line":12,"column":null}},"5":{"start":{"line":23,"column":4},"end":{"line":23,"column":11}},"6":{"start":{"line":24,"column":21},"end":{"line":24,"column":null}},"7":{"start":{"line":25,"column":4},"end":{"line":33,"column":null}},"8":{"start":{"line":25,"column":17},"end":{"line":25,"column":20}},"9":{"start":{"line":26,"column":6},"end":{"line":26,"column":14}},"10":{"start":{"line":34,"column":4},"end":{"line":34,"column":9}},"11":{"start":{"line":38,"column":4},"end":{"line":38,"column":11}},"12":{"start":{"line":39,"column":16},"end":{"line":39,"column":null}},"13":{"start":{"line":8,"column":21},"end":{"line":8,"column":42}}},"fnMap":{"0":{"name":"(anonymous_0)","decl":{"start":{"line":11,"column":2},"end":{"line":11,"column":null}},"loc":{"start":{"line":11,"column":2},"end":{"line":35,"column":null}}},"1":{"name":"(anonymous_1)","decl":{"start":{"line":37,"column":9},"end":{"line":37,"column":15}},"loc":{"start":{"line":37,"column":15},"end":{"line":41,"column":null}}},"2":{"name":"(anonymous_2)","decl":{"start":{"line":39,"column":10},"end":{"line":39,"column":16}},"loc":{"start":{"line":39,"column":16},"end":{"line":39,"column":null}}}},"branchMap":{},"s":{"0":4,"1":4,"2":4,"3":4,"4":0,"5":0,"6":0,"7":0,"8":0,"9":0,"10":0,"11":0,"12":0,"13":8},"f":{"0":0,"1":0,"2":0},"b":{}}
,"C:\\Users\\B7911\\Desktop\\vue-shopping-clean-architecture\\src\\usecases\\interactor\\addItemToCart.ts": {"path":"C:\\Users\\B7911\\Desktop\\vue-shopping-clean-architecture\\src\\usecases\\interactor\\addItemToCart.ts","statementMap":{"0":{"start":{"line":2,"column":0},"end":{"line":2,"column":null}},"1":{"start":{"line":11,"column":0},"end":{"line":11,"column":null}},"2":{"start":{"line":13,"column":38},"end":{"line":13,"column":68}},"3":{"start":{"line":18,"column":4},"end":{"line":18,"column":11}},"4":{"start":{"line":11,"column":13},"end":{"line":11,"column":30}}},"fnMap":{"0":{"name":"(anonymous_0)","decl":{"start":{"line":12,"column":2},"end":{"line":12,"column":null}},"loc":{"start":{"line":13,"column":68},"end":{"line":15,"column":null}}},"1":{"name":"(anonymous_1)","decl":{"start":{"line":17,"column":2},"end":{"line":17,"column":9}},"loc":{"start":{"line":17,"column":44},"end":{"line":19,"column":null}}}},"branchMap":{},"s":{"0":4,"1":4,"2":0,"3":0,"4":4},"f":{"0":0,"1":0},"b":{}}
,"C:\\Users\\B7911\\Desktop\\vue-shopping-clean-architecture\\src\\usecases\\interactor\\getAllProduct.ts": {"path":"C:\\Users\\B7911\\Desktop\\vue-shopping-clean-architecture\\src\\usecases\\interactor\\getAllProduct.ts","statementMap":{"0":{"start":{"line":3,"column":0},"end":{"line":3,"column":null}},"1":{"start":{"line":11,"column":0},"end":{"line":11,"column":null}},"2":{"start":{"line":13,"column":40},"end":{"line":13,"column":70}},"3":{"start":{"line":17,"column":4},"end":{"line":17,"column":11}},"4":{"start":{"line":11,"column":13},"end":{"line":11,"column":30}}},"fnMap":{"0":{"name":"(anonymous_0)","decl":{"start":{"line":12,"column":2},"end":{"line":12,"column":null}},"loc":{"start":{"line":13,"column":70},"end":{"line":14,"column":null}}},"1":{"name":"(anonymous_1)","decl":{"start":{"line":16,"column":2},"end":{"line":16,"column":9}},"loc":{"start":{"line":16,"column":9},"end":{"line":18,"column":null}}}},"branchMap":{},"s":{"0":4,"1":4,"2":0,"3":0,"4":4},"f":{"0":0,"1":0},"b":{}}
,"C:\\Users\\B7911\\Desktop\\vue-shopping-clean-architecture\\src\\usecases\\interactor\\getTotalCartItem.ts": {"path":"C:\\Users\\B7911\\Desktop\\vue-shopping-clean-architecture\\src\\usecases\\interactor\\getTotalCartItem.ts","statementMap":{"0":{"start":{"line":2,"column":0},"end":{"line":2,"column":null}},"1":{"start":{"line":10,"column":0},"end":{"line":10,"column":null}},"2":{"start":{"line":12,"column":38},"end":{"line":12,"column":68}},"3":{"start":{"line":17,"column":4},"end":{"line":17,"column":11}},"4":{"start":{"line":10,"column":13},"end":{"line":10,"column":33}}},"fnMap":{"0":{"name":"(anonymous_0)","decl":{"start":{"line":11,"column":2},"end":{"line":11,"column":null}},"loc":{"start":{"line":12,"column":68},"end":{"line":14,"column":null}}},"1":{"name":"(anonymous_1)","decl":{"start":{"line":16,"column":2},"end":{"line":16,"column":9}},"loc":{"start":{"line":16,"column":9},"end":{"line":18,"column":null}}}},"branchMap":{},"s":{"0":4,"1":4,"2":0,"3":0,"4":4},"f":{"0":0,"1":0},"b":{}}
}
