TN:
SF:C:\Users\B7911\Desktop\vue-shopping-clean-architecture\src\di.ts
FNF:0
FNH:0
DA:1,4
DA:2,4
DA:3,4
DA:6,4
DA:7,4
DA:8,4
DA:9,4
DA:10,4
DA:12,4
DA:14,4
DA:18,4
DA:23,4
DA:27,4
DA:31,4
DA:36,4
LF:15
LH:15
BRF:0
BRH:0
end_of_record
TN:
SF:C:\Users\B7911\Desktop\vue-shopping-clean-architecture\src\app\components\Product.vue
FN:29,(anonymous_1)
FN:36,(anonymous_2)
FN:38,(anonymous_3)
FNF:3
FNH:1
FNDA:3,(anonymous_1)
FNDA:0,(anonymous_2)
FNDA:0,(anonymous_3)
DA:19,2
DA:20,2
DA:30,3
DA:37,0
DA:38,0
DA:40,0
LF:6
LH:3
BRF:0
BRH:0
end_of_record
TN:
SF:C:\Users\B7911\Desktop\vue-shopping-clean-architecture\src\app\components\ProductList.vue
FN:23,(anonymous_1)
FN:27,(anonymous_2)
FN:32,(anonymous_3)
FNF:3
FNH:3
FNDA:1,(anonymous_1)
FNDA:1,(anonymous_2)
FNDA:1,(anonymous_3)
DA:11,1
DA:12,1
DA:13,1
DA:14,1
DA:24,1
DA:28,1
DA:33,1
LF:7
LH:7
BRF:0
BRH:0
end_of_record
TN:
SF:C:\Users\B7911\Desktop\vue-shopping-clean-architecture\src\app\store\cart.ts
FN:19,(anonymous_0)
FN:23,(anonymous_1)
FN:24,(anonymous_2)
FN:27,(anonymous_3)
FN:29,(anonymous_4)
FN:35,(anonymous_5)
FN:36,(anonymous_6)
FN:45,(anonymous_7)
FNF:8
FNH:4
FNDA:3,(anonymous_0)
FNDA:0,(anonymous_1)
FNDA:0,(anonymous_2)
FNDA:0,(anonymous_3)
FNDA:0,(anonymous_4)
FNDA:4,(anonymous_5)
FNDA:2,(anonymous_6)
FNDA:4,(anonymous_7)
DA:1,3
DA:2,3
DA:19,3
DA:20,3
DA:21,3
DA:24,0
DA:28,0
DA:29,0
DA:35,3
DA:36,4
DA:37,4
DA:38,1
DA:40,3
DA:45,3
DA:46,4
DA:47,4
LF:16
LH:13
BRDA:37,0,0,1
BRDA:37,0,1,3
BRF:2
BRH:2
end_of_record
TN:
SF:C:\Users\B7911\Desktop\vue-shopping-clean-architecture\src\app\store\index.ts
FNF:0
FNH:0
DA:1,2
DA:2,2
DA:3,2
DA:4,2
DA:5,2
DA:7,2
DA:14,2
DA:21,2
DA:22,2
DA:24,2
LF:10
LH:10
BRF:0
BRH:0
end_of_record
TN:
SF:C:\Users\B7911\Desktop\vue-shopping-clean-architecture\src\app\store\product.ts
FN:15,(anonymous_0)
FN:21,(anonymous_1)
FN:26,(anonymous_2)
FNF:3
FNH:3
FNDA:3,(anonymous_0)
FNDA:4,(anonymous_1)
FNDA:2,(anonymous_2)
DA:1,3
DA:3,3
DA:15,3
DA:16,3
DA:18,3
DA:21,3
DA:22,4
DA:26,3
DA:27,2
DA:28,2
LF:10
LH:10
BRF:0
BRH:0
end_of_record
TN:
SF:C:\Users\B7911\Desktop\vue-shopping-clean-architecture\src\data\inMemoryRepository\cartRepository.ts
FN:7,(anonymous_0)
FN:10,(anonymous_1)
FN:14,(anonymous_2)
FN:20,(anonymous_3)
FN:24,(anonymous_4)
FNF:5
FNH:0
FNDA:0,(anonymous_0)
FNDA:0,(anonymous_1)
FNDA:0,(anonymous_2)
FNDA:0,(anonymous_3)
FNDA:0,(anonymous_4)
DA:1,4
DA:2,4
DA:3,4
DA:7,8
DA:8,0
DA:11,0
DA:12,0
DA:15,0
DA:21,0
DA:22,0
DA:24,0
LF:11
LH:4
BRF:0
BRH:0
end_of_record
TN:
SF:C:\Users\B7911\Desktop\vue-shopping-clean-architecture\src\data\inMemoryRepository\productRepository.ts
FN:11,(anonymous_0)
FN:37,(anonymous_1)
FN:39,(anonymous_2)
FNF:3
FNH:0
FNDA:0,(anonymous_0)
FNDA:0,(anonymous_1)
FNDA:0,(anonymous_2)
DA:1,4
DA:3,4
DA:5,4
DA:8,8
DA:12,0
DA:23,0
DA:24,0
DA:25,0
DA:26,0
DA:34,0
DA:38,0
DA:39,0
LF:12
LH:4
BRF:0
BRH:0
end_of_record
TN:
SF:C:\Users\B7911\Desktop\vue-shopping-clean-architecture\src\usecases\interactor\addItemToCart.ts
FN:12,(anonymous_0)
FN:17,(anonymous_1)
FNF:2
FNH:0
FNDA:0,(anonymous_0)
FNDA:0,(anonymous_1)
DA:2,4
DA:11,4
DA:13,0
DA:18,0
LF:4
LH:2
BRF:0
BRH:0
end_of_record
TN:
SF:C:\Users\B7911\Desktop\vue-shopping-clean-architecture\src\usecases\interactor\getAllProduct.ts
FN:12,(anonymous_0)
FN:16,(anonymous_1)
FNF:2
FNH:0
FNDA:0,(anonymous_0)
FNDA:0,(anonymous_1)
DA:3,4
DA:11,4
DA:13,0
DA:17,0
LF:4
LH:2
BRF:0
BRH:0
end_of_record
TN:
SF:C:\Users\B7911\Desktop\vue-shopping-clean-architecture\src\usecases\interactor\getTotalCartItem.ts
FN:11,(anonymous_0)
FN:16,(anonymous_1)
FNF:2
FNH:0
FNDA:0,(anonymous_0)
FNDA:0,(anonymous_1)
DA:2,4
DA:10,4
DA:12,0
DA:17,0
LF:4
LH:2
BRF:0
BRH:0
end_of_record
